{
  "stats": {
    "suites": 2,
    "tests": 17,
    "passes": 17,
    "pending": 0,
    "failures": 0,
    "start": "2020-07-22T07:58:40.996Z",
    "end": "2020-07-22T07:58:41.016Z",
    "duration": 20,
    "testsRegistered": 17,
    "passPercent": 100,
    "pendingPercent": 0,
    "other": 0,
    "hasOther": false,
    "skipped": 0,
    "hasSkipped": false
  },
  "results": [
    {
      "uuid": "81517d7d-fa8a-44f2-87de-2b2daeac8daf",
      "title": "",
      "fullFile": "",
      "file": "",
      "beforeHooks": [],
      "afterHooks": [],
      "tests": [],
      "suites": [
        {
          "uuid": "3735636b-2e00-4ffb-8aae-f187d70b32bf",
          "title": "Test newDev/components/FriendChoose.vue (锁定模式)",
          "fullFile": "/Users/helinjiang/gitprojects/gift-mall/.tmp/mochapack/1595404680907/main.js",
          "file": "/.tmp/mochapack/1595404680907/main.js",
          "beforeHooks": [],
          "afterHooks": [],
          "tests": [
            {
              "title": "初始化",
              "fullTitle": "Test newDev/components/FriendChoose.vue (锁定模式) 初始化",
              "timedOut": false,
              "duration": 3,
              "state": "passed",
              "speed": "fast",
              "pass": true,
              "fail": false,
              "pending": false,
              "context": null,
              "code": "cov_ru7a3fanf.f[2]++;var initData=(cov_ru7a3fanf.s[9]++,wrapper.vm.$data);cov_ru7a3fanf.s[10]++;_chai.assert.hasAllKeys(initData,['need_anonymous','wish_desc','isVip']);",
              "err": {},
              "uuid": "8752e419-d6ee-4fa4-83a6-c7c0229c5991",
              "parentUUID": "3735636b-2e00-4ffb-8aae-f187d70b32bf",
              "isHook": false,
              "skipped": false
            },
            {
              "title": "点击文字区域，clickTextArea函数触发，调用客户端键盘",
              "fullTitle": "Test newDev/components/FriendChoose.vue (锁定模式) 点击文字区域，clickTextArea函数触发，调用客户端键盘",
              "timedOut": false,
              "duration": 3,
              "state": "passed",
              "speed": "fast",
              "pass": true,
              "fail": false,
              "pending": false,
              "context": null,
              "code": "cov_ru7a3fanf.f[3]++;cov_ru7a3fanf.s[12]++;global.window.mqq.invoke=function(param1,param2){cov_ru7a3fanf.f[4]++;cov_ru7a3fanf.s[13]++;_chai.assert.strictEqual(param1,'Qzone');cov_ru7a3fanf.s[14]++;_chai.assert.strictEqual(param2,'TopicComment');};var btns=(cov_ru7a3fanf.s[15]++,wrapper.find('.card-content'));cov_ru7a3fanf.s[16]++;btns.trigger('click');cov_ru7a3fanf.s[17]++;global.window.mqq.invoke=function(){cov_ru7a3fanf.f[5]++;};",
              "err": {},
              "uuid": "10adc1eb-013c-44ff-915e-3914bce05df2",
              "parentUUID": "3735636b-2e00-4ffb-8aae-f187d70b32bf",
              "isHook": false,
              "skipped": false
            },
            {
              "title": "anonymousChanged 无响应，出提示",
              "fullTitle": "Test newDev/components/FriendChoose.vue (锁定模式) anonymousChanged 无响应，出提示",
              "timedOut": false,
              "duration": 1,
              "state": "passed",
              "speed": "fast",
              "pass": true,
              "fail": false,
              "pending": false,
              "context": null,
              "code": "cov_ru7a3fanf.f[6]++;cov_ru7a3fanf.s[19]++;wrapper.vm.anonymousChanged();cov_ru7a3fanf.s[20]++;_chai.assert.isNotArray(wrapper.emitted('anonymousChanged'));",
              "err": {},
              "uuid": "853f9d13-00e6-4d73-9af9-695388bb3220",
              "parentUUID": "3735636b-2e00-4ffb-8aae-f187d70b32bf",
              "isHook": false,
              "skipped": false
            },
            {
              "title": "selectTime 无响应，出提示",
              "fullTitle": "Test newDev/components/FriendChoose.vue (锁定模式) selectTime 无响应，出提示",
              "timedOut": false,
              "duration": 1,
              "state": "passed",
              "speed": "fast",
              "pass": true,
              "fail": false,
              "pending": false,
              "context": null,
              "code": "cov_ru7a3fanf.f[7]++;cov_ru7a3fanf.s[22]++;wrapper.vm.selectTime();cov_ru7a3fanf.s[23]++;_chai.assert.isNotArray(wrapper.find('.olay.ios-select-widget-box.three-level-box.fadeInUp'));",
              "err": {},
              "uuid": "46d69363-82d6-4a3a-b095-65cc5b45917e",
              "parentUUID": "3735636b-2e00-4ffb-8aae-f187d70b32bf",
              "isHook": false,
              "skipped": false
            },
            {
              "title": "formData 调用",
              "fullTitle": "Test newDev/components/FriendChoose.vue (锁定模式) formData 调用",
              "timedOut": false,
              "duration": 1,
              "state": "passed",
              "speed": "fast",
              "pass": true,
              "fail": false,
              "pending": false,
              "context": null,
              "code": "cov_ru7a3fanf.f[8]++;cov_ru7a3fanf.s[25]++;_chai.assert.strictEqual(wrapper.vm.formData('20200202','yyyy-mm-dd'),'2020-02-02');",
              "err": {},
              "uuid": "43428ab9-6d13-426d-8d10-3ed97e246480",
              "parentUUID": "3735636b-2e00-4ffb-8aae-f187d70b32bf",
              "isHook": false,
              "skipped": false
            },
            {
              "title": "formData 调用",
              "fullTitle": "Test newDev/components/FriendChoose.vue (锁定模式) formData 调用",
              "timedOut": false,
              "duration": 0,
              "state": "passed",
              "speed": "fast",
              "pass": true,
              "fail": false,
              "pending": false,
              "context": null,
              "code": "cov_ru7a3fanf.f[9]++;cov_ru7a3fanf.s[27]++;_chai.assert.strictEqual(wrapper.vm.selectFriend(),undefined);",
              "err": {},
              "uuid": "4dfbe8b2-3ca5-474e-8a03-e61b02bc96dc",
              "parentUUID": "3735636b-2e00-4ffb-8aae-f187d70b32bf",
              "isHook": false,
              "skipped": false
            }
          ],
          "suites": [],
          "passes": [
            "8752e419-d6ee-4fa4-83a6-c7c0229c5991",
            "10adc1eb-013c-44ff-915e-3914bce05df2",
            "853f9d13-00e6-4d73-9af9-695388bb3220",
            "46d69363-82d6-4a3a-b095-65cc5b45917e",
            "43428ab9-6d13-426d-8d10-3ed97e246480",
            "4dfbe8b2-3ca5-474e-8a03-e61b02bc96dc"
          ],
          "failures": [],
          "pending": [],
          "skipped": [],
          "duration": 9,
          "root": false,
          "rootEmpty": false,
          "_timeout": 2000
        },
        {
          "uuid": "30c5b9ad-0d2e-4f94-900d-a9212202e18d",
          "title": "Test newDev/pages/GiftRecvPage.vue",
          "fullFile": "/Users/helinjiang/gitprojects/gift-mall/.tmp/mochapack/1595404680907/main.js",
          "file": "/.tmp/mochapack/1595404680907/main.js",
          "beforeHooks": [],
          "afterHooks": [],
          "tests": [
            {
              "title": "render",
              "fullTitle": "Test newDev/pages/GiftRecvPage.vue render",
              "timedOut": false,
              "duration": 1,
              "state": "passed",
              "speed": "fast",
              "pass": true,
              "fail": false,
              "pending": false,
              "context": null,
              "code": "cov_2alfdui681.f[2]++;var gen=(cov_2alfdui681.s[6]++,fn.apply(this,arguments));cov_2alfdui681.s[7]++;return new _promise2.default(function(resolve,reject){cov_2alfdui681.f[3]++;function step(key,arg){cov_2alfdui681.f[4]++;cov_2alfdui681.s[8]++;try{var info=(cov_2alfdui681.s[9]++,gen[key](arg));var value=(cov_2alfdui681.s[10]++,info.value);}catch(error){cov_2alfdui681.s[11]++;reject(error);cov_2alfdui681.s[12]++;return;}cov_2alfdui681.s[13]++;if(info.done){cov_2alfdui681.b[2][0]++;cov_2alfdui681.s[14]++;resolve(value);}else{cov_2alfdui681.b[2][1]++;cov_2alfdui681.s[15]++;return _promise2.default.resolve(value).then(function(value){cov_2alfdui681.f[5]++;cov_2alfdui681.s[16]++;step(\"next\",value);},function(err){cov_2alfdui681.f[6]++;cov_2alfdui681.s[17]++;step(\"throw\",err);});}}cov_2alfdui681.s[18]++;return step(\"next\");});",
              "err": {},
              "uuid": "f7b311e7-a0f3-49f4-802c-b8bffb45a365",
              "parentUUID": "30c5b9ad-0d2e-4f94-900d-a9212202e18d",
              "isHook": false,
              "skipped": false
            },
            {
              "title": "test method getVal",
              "fullTitle": "Test newDev/pages/GiftRecvPage.vue test method getVal",
              "timedOut": false,
              "duration": 0,
              "state": "passed",
              "speed": "fast",
              "pass": true,
              "fail": false,
              "pending": false,
              "context": null,
              "code": "cov_2alfdui681.f[2]++;var gen=(cov_2alfdui681.s[6]++,fn.apply(this,arguments));cov_2alfdui681.s[7]++;return new _promise2.default(function(resolve,reject){cov_2alfdui681.f[3]++;function step(key,arg){cov_2alfdui681.f[4]++;cov_2alfdui681.s[8]++;try{var info=(cov_2alfdui681.s[9]++,gen[key](arg));var value=(cov_2alfdui681.s[10]++,info.value);}catch(error){cov_2alfdui681.s[11]++;reject(error);cov_2alfdui681.s[12]++;return;}cov_2alfdui681.s[13]++;if(info.done){cov_2alfdui681.b[2][0]++;cov_2alfdui681.s[14]++;resolve(value);}else{cov_2alfdui681.b[2][1]++;cov_2alfdui681.s[15]++;return _promise2.default.resolve(value).then(function(value){cov_2alfdui681.f[5]++;cov_2alfdui681.s[16]++;step(\"next\",value);},function(err){cov_2alfdui681.f[6]++;cov_2alfdui681.s[17]++;step(\"throw\",err);});}}cov_2alfdui681.s[18]++;return step(\"next\");});",
              "err": {},
              "uuid": "6613696f-08ac-4791-8bf6-d8ff3b6411d8",
              "parentUUID": "30c5b9ad-0d2e-4f94-900d-a9212202e18d",
              "isHook": false,
              "skipped": false
            },
            {
              "title": "test method getPicFail",
              "fullTitle": "Test newDev/pages/GiftRecvPage.vue test method getPicFail",
              "timedOut": false,
              "duration": 1,
              "state": "passed",
              "speed": "fast",
              "pass": true,
              "fail": false,
              "pending": false,
              "context": null,
              "code": "cov_2alfdui681.f[2]++;var gen=(cov_2alfdui681.s[6]++,fn.apply(this,arguments));cov_2alfdui681.s[7]++;return new _promise2.default(function(resolve,reject){cov_2alfdui681.f[3]++;function step(key,arg){cov_2alfdui681.f[4]++;cov_2alfdui681.s[8]++;try{var info=(cov_2alfdui681.s[9]++,gen[key](arg));var value=(cov_2alfdui681.s[10]++,info.value);}catch(error){cov_2alfdui681.s[11]++;reject(error);cov_2alfdui681.s[12]++;return;}cov_2alfdui681.s[13]++;if(info.done){cov_2alfdui681.b[2][0]++;cov_2alfdui681.s[14]++;resolve(value);}else{cov_2alfdui681.b[2][1]++;cov_2alfdui681.s[15]++;return _promise2.default.resolve(value).then(function(value){cov_2alfdui681.f[5]++;cov_2alfdui681.s[16]++;step(\"next\",value);},function(err){cov_2alfdui681.f[6]++;cov_2alfdui681.s[17]++;step(\"throw\",err);});}}cov_2alfdui681.s[18]++;return step(\"next\");});",
              "err": {},
              "uuid": "287ef49a-04c5-48ae-aadf-a912769bb8d7",
              "parentUUID": "30c5b9ad-0d2e-4f94-900d-a9212202e18d",
              "isHook": false,
              "skipped": false
            },
            {
              "title": "test method setImgLoading",
              "fullTitle": "Test newDev/pages/GiftRecvPage.vue test method setImgLoading",
              "timedOut": false,
              "duration": 0,
              "state": "passed",
              "speed": "fast",
              "pass": true,
              "fail": false,
              "pending": false,
              "context": null,
              "code": "cov_2alfdui681.f[2]++;var gen=(cov_2alfdui681.s[6]++,fn.apply(this,arguments));cov_2alfdui681.s[7]++;return new _promise2.default(function(resolve,reject){cov_2alfdui681.f[3]++;function step(key,arg){cov_2alfdui681.f[4]++;cov_2alfdui681.s[8]++;try{var info=(cov_2alfdui681.s[9]++,gen[key](arg));var value=(cov_2alfdui681.s[10]++,info.value);}catch(error){cov_2alfdui681.s[11]++;reject(error);cov_2alfdui681.s[12]++;return;}cov_2alfdui681.s[13]++;if(info.done){cov_2alfdui681.b[2][0]++;cov_2alfdui681.s[14]++;resolve(value);}else{cov_2alfdui681.b[2][1]++;cov_2alfdui681.s[15]++;return _promise2.default.resolve(value).then(function(value){cov_2alfdui681.f[5]++;cov_2alfdui681.s[16]++;step(\"next\",value);},function(err){cov_2alfdui681.f[6]++;cov_2alfdui681.s[17]++;step(\"throw\",err);});}}cov_2alfdui681.s[18]++;return step(\"next\");});",
              "err": {},
              "uuid": "5a8772a5-efed-4544-9c79-fea2ca323751",
              "parentUUID": "30c5b9ad-0d2e-4f94-900d-a9212202e18d",
              "isHook": false,
              "skipped": false
            },
            {
              "title": "test method loadSourceStart",
              "fullTitle": "Test newDev/pages/GiftRecvPage.vue test method loadSourceStart",
              "timedOut": false,
              "duration": 0,
              "state": "passed",
              "speed": "fast",
              "pass": true,
              "fail": false,
              "pending": false,
              "context": null,
              "code": "cov_2alfdui681.f[2]++;var gen=(cov_2alfdui681.s[6]++,fn.apply(this,arguments));cov_2alfdui681.s[7]++;return new _promise2.default(function(resolve,reject){cov_2alfdui681.f[3]++;function step(key,arg){cov_2alfdui681.f[4]++;cov_2alfdui681.s[8]++;try{var info=(cov_2alfdui681.s[9]++,gen[key](arg));var value=(cov_2alfdui681.s[10]++,info.value);}catch(error){cov_2alfdui681.s[11]++;reject(error);cov_2alfdui681.s[12]++;return;}cov_2alfdui681.s[13]++;if(info.done){cov_2alfdui681.b[2][0]++;cov_2alfdui681.s[14]++;resolve(value);}else{cov_2alfdui681.b[2][1]++;cov_2alfdui681.s[15]++;return _promise2.default.resolve(value).then(function(value){cov_2alfdui681.f[5]++;cov_2alfdui681.s[16]++;step(\"next\",value);},function(err){cov_2alfdui681.f[6]++;cov_2alfdui681.s[17]++;step(\"throw\",err);});}}cov_2alfdui681.s[18]++;return step(\"next\");});",
              "err": {},
              "uuid": "c9ec2b4d-21b2-447e-8438-2406ec2fae4a",
              "parentUUID": "30c5b9ad-0d2e-4f94-900d-a9212202e18d",
              "isHook": false,
              "skipped": false
            },
            {
              "title": "test method loadSourceEnd",
              "fullTitle": "Test newDev/pages/GiftRecvPage.vue test method loadSourceEnd",
              "timedOut": false,
              "duration": 0,
              "state": "passed",
              "speed": "fast",
              "pass": true,
              "fail": false,
              "pending": false,
              "context": null,
              "code": "cov_2alfdui681.f[2]++;var gen=(cov_2alfdui681.s[6]++,fn.apply(this,arguments));cov_2alfdui681.s[7]++;return new _promise2.default(function(resolve,reject){cov_2alfdui681.f[3]++;function step(key,arg){cov_2alfdui681.f[4]++;cov_2alfdui681.s[8]++;try{var info=(cov_2alfdui681.s[9]++,gen[key](arg));var value=(cov_2alfdui681.s[10]++,info.value);}catch(error){cov_2alfdui681.s[11]++;reject(error);cov_2alfdui681.s[12]++;return;}cov_2alfdui681.s[13]++;if(info.done){cov_2alfdui681.b[2][0]++;cov_2alfdui681.s[14]++;resolve(value);}else{cov_2alfdui681.b[2][1]++;cov_2alfdui681.s[15]++;return _promise2.default.resolve(value).then(function(value){cov_2alfdui681.f[5]++;cov_2alfdui681.s[16]++;step(\"next\",value);},function(err){cov_2alfdui681.f[6]++;cov_2alfdui681.s[17]++;step(\"throw\",err);});}}cov_2alfdui681.s[18]++;return step(\"next\");});",
              "err": {},
              "uuid": "0f5ef086-de20-4ff0-bd9c-9a5bbcb51a3a",
              "parentUUID": "30c5b9ad-0d2e-4f94-900d-a9212202e18d",
              "isHook": false,
              "skipped": false
            },
            {
              "title": "test method popAnimationFinish",
              "fullTitle": "Test newDev/pages/GiftRecvPage.vue test method popAnimationFinish",
              "timedOut": false,
              "duration": 0,
              "state": "passed",
              "speed": "fast",
              "pass": true,
              "fail": false,
              "pending": false,
              "context": null,
              "code": "cov_2alfdui681.f[2]++;var gen=(cov_2alfdui681.s[6]++,fn.apply(this,arguments));cov_2alfdui681.s[7]++;return new _promise2.default(function(resolve,reject){cov_2alfdui681.f[3]++;function step(key,arg){cov_2alfdui681.f[4]++;cov_2alfdui681.s[8]++;try{var info=(cov_2alfdui681.s[9]++,gen[key](arg));var value=(cov_2alfdui681.s[10]++,info.value);}catch(error){cov_2alfdui681.s[11]++;reject(error);cov_2alfdui681.s[12]++;return;}cov_2alfdui681.s[13]++;if(info.done){cov_2alfdui681.b[2][0]++;cov_2alfdui681.s[14]++;resolve(value);}else{cov_2alfdui681.b[2][1]++;cov_2alfdui681.s[15]++;return _promise2.default.resolve(value).then(function(value){cov_2alfdui681.f[5]++;cov_2alfdui681.s[16]++;step(\"next\",value);},function(err){cov_2alfdui681.f[6]++;cov_2alfdui681.s[17]++;step(\"throw\",err);});}}cov_2alfdui681.s[18]++;return step(\"next\");});",
              "err": {},
              "uuid": "a8ae7a24-ee4e-40b2-b370-ab83e9203ac5",
              "parentUUID": "30c5b9ad-0d2e-4f94-900d-a9212202e18d",
              "isHook": false,
              "skipped": false
            },
            {
              "title": "test method closeDecoShow",
              "fullTitle": "Test newDev/pages/GiftRecvPage.vue test method closeDecoShow",
              "timedOut": false,
              "duration": 1,
              "state": "passed",
              "speed": "fast",
              "pass": true,
              "fail": false,
              "pending": false,
              "context": null,
              "code": "cov_2alfdui681.f[2]++;var gen=(cov_2alfdui681.s[6]++,fn.apply(this,arguments));cov_2alfdui681.s[7]++;return new _promise2.default(function(resolve,reject){cov_2alfdui681.f[3]++;function step(key,arg){cov_2alfdui681.f[4]++;cov_2alfdui681.s[8]++;try{var info=(cov_2alfdui681.s[9]++,gen[key](arg));var value=(cov_2alfdui681.s[10]++,info.value);}catch(error){cov_2alfdui681.s[11]++;reject(error);cov_2alfdui681.s[12]++;return;}cov_2alfdui681.s[13]++;if(info.done){cov_2alfdui681.b[2][0]++;cov_2alfdui681.s[14]++;resolve(value);}else{cov_2alfdui681.b[2][1]++;cov_2alfdui681.s[15]++;return _promise2.default.resolve(value).then(function(value){cov_2alfdui681.f[5]++;cov_2alfdui681.s[16]++;step(\"next\",value);},function(err){cov_2alfdui681.f[6]++;cov_2alfdui681.s[17]++;step(\"throw\",err);});}}cov_2alfdui681.s[18]++;return step(\"next\");});",
              "err": {},
              "uuid": "27da2c97-d3fb-43fc-b7da-0b87ddfeb43d",
              "parentUUID": "30c5b9ad-0d2e-4f94-900d-a9212202e18d",
              "isHook": false,
              "skipped": false
            },
            {
              "title": "test method share",
              "fullTitle": "Test newDev/pages/GiftRecvPage.vue test method share",
              "timedOut": false,
              "duration": 0,
              "state": "passed",
              "speed": "fast",
              "pass": true,
              "fail": false,
              "pending": false,
              "context": null,
              "code": "cov_2alfdui681.f[2]++;var gen=(cov_2alfdui681.s[6]++,fn.apply(this,arguments));cov_2alfdui681.s[7]++;return new _promise2.default(function(resolve,reject){cov_2alfdui681.f[3]++;function step(key,arg){cov_2alfdui681.f[4]++;cov_2alfdui681.s[8]++;try{var info=(cov_2alfdui681.s[9]++,gen[key](arg));var value=(cov_2alfdui681.s[10]++,info.value);}catch(error){cov_2alfdui681.s[11]++;reject(error);cov_2alfdui681.s[12]++;return;}cov_2alfdui681.s[13]++;if(info.done){cov_2alfdui681.b[2][0]++;cov_2alfdui681.s[14]++;resolve(value);}else{cov_2alfdui681.b[2][1]++;cov_2alfdui681.s[15]++;return _promise2.default.resolve(value).then(function(value){cov_2alfdui681.f[5]++;cov_2alfdui681.s[16]++;step(\"next\",value);},function(err){cov_2alfdui681.f[6]++;cov_2alfdui681.s[17]++;step(\"throw\",err);});}}cov_2alfdui681.s[18]++;return step(\"next\");});",
              "err": {},
              "uuid": "18770444-d1dc-4de9-9d6a-8fd1c3e13384",
              "parentUUID": "30c5b9ad-0d2e-4f94-900d-a9212202e18d",
              "isHook": false,
              "skipped": false
            },
            {
              "title": "test method sendGift",
              "fullTitle": "Test newDev/pages/GiftRecvPage.vue test method sendGift",
              "timedOut": false,
              "duration": 1,
              "state": "passed",
              "speed": "fast",
              "pass": true,
              "fail": false,
              "pending": false,
              "context": null,
              "code": "cov_2alfdui681.f[2]++;var gen=(cov_2alfdui681.s[6]++,fn.apply(this,arguments));cov_2alfdui681.s[7]++;return new _promise2.default(function(resolve,reject){cov_2alfdui681.f[3]++;function step(key,arg){cov_2alfdui681.f[4]++;cov_2alfdui681.s[8]++;try{var info=(cov_2alfdui681.s[9]++,gen[key](arg));var value=(cov_2alfdui681.s[10]++,info.value);}catch(error){cov_2alfdui681.s[11]++;reject(error);cov_2alfdui681.s[12]++;return;}cov_2alfdui681.s[13]++;if(info.done){cov_2alfdui681.b[2][0]++;cov_2alfdui681.s[14]++;resolve(value);}else{cov_2alfdui681.b[2][1]++;cov_2alfdui681.s[15]++;return _promise2.default.resolve(value).then(function(value){cov_2alfdui681.f[5]++;cov_2alfdui681.s[16]++;step(\"next\",value);},function(err){cov_2alfdui681.f[6]++;cov_2alfdui681.s[17]++;step(\"throw\",err);});}}cov_2alfdui681.s[18]++;return step(\"next\");});",
              "err": {},
              "uuid": "7e4022c9-9e14-4a98-b5cc-f403ec8dc238",
              "parentUUID": "30c5b9ad-0d2e-4f94-900d-a9212202e18d",
              "isHook": false,
              "skipped": false
            },
            {
              "title": "test method leaveWord",
              "fullTitle": "Test newDev/pages/GiftRecvPage.vue test method leaveWord",
              "timedOut": false,
              "duration": 0,
              "state": "passed",
              "speed": "fast",
              "pass": true,
              "fail": false,
              "pending": false,
              "context": null,
              "code": "cov_2alfdui681.f[2]++;var gen=(cov_2alfdui681.s[6]++,fn.apply(this,arguments));cov_2alfdui681.s[7]++;return new _promise2.default(function(resolve,reject){cov_2alfdui681.f[3]++;function step(key,arg){cov_2alfdui681.f[4]++;cov_2alfdui681.s[8]++;try{var info=(cov_2alfdui681.s[9]++,gen[key](arg));var value=(cov_2alfdui681.s[10]++,info.value);}catch(error){cov_2alfdui681.s[11]++;reject(error);cov_2alfdui681.s[12]++;return;}cov_2alfdui681.s[13]++;if(info.done){cov_2alfdui681.b[2][0]++;cov_2alfdui681.s[14]++;resolve(value);}else{cov_2alfdui681.b[2][1]++;cov_2alfdui681.s[15]++;return _promise2.default.resolve(value).then(function(value){cov_2alfdui681.f[5]++;cov_2alfdui681.s[16]++;step(\"next\",value);},function(err){cov_2alfdui681.f[6]++;cov_2alfdui681.s[17]++;step(\"throw\",err);});}}cov_2alfdui681.s[18]++;return step(\"next\");});",
              "err": {},
              "uuid": "0ff2b17f-e8ad-410c-a450-8cb0ab7dec26",
              "parentUUID": "30c5b9ad-0d2e-4f94-900d-a9212202e18d",
              "isHook": false,
              "skipped": false
            }
          ],
          "suites": [],
          "passes": [
            "f7b311e7-a0f3-49f4-802c-b8bffb45a365",
            "6613696f-08ac-4791-8bf6-d8ff3b6411d8",
            "287ef49a-04c5-48ae-aadf-a912769bb8d7",
            "5a8772a5-efed-4544-9c79-fea2ca323751",
            "c9ec2b4d-21b2-447e-8438-2406ec2fae4a",
            "0f5ef086-de20-4ff0-bd9c-9a5bbcb51a3a",
            "a8ae7a24-ee4e-40b2-b370-ab83e9203ac5",
            "27da2c97-d3fb-43fc-b7da-0b87ddfeb43d",
            "18770444-d1dc-4de9-9d6a-8fd1c3e13384",
            "7e4022c9-9e14-4a98-b5cc-f403ec8dc238",
            "0ff2b17f-e8ad-410c-a450-8cb0ab7dec26"
          ],
          "failures": [],
          "pending": [],
          "skipped": [],
          "duration": 4,
          "root": false,
          "rootEmpty": false,
          "_timeout": 2000
        }
      ],
      "passes": [],
      "failures": [],
      "pending": [],
      "skipped": [],
      "duration": 0,
      "root": true,
      "rootEmpty": true,
      "_timeout": 2000
    }
  ],
  "meta": {
    "mocha": {
      "version": "7.1.2"
    },
    "mochawesome": {
      "options": {
        "quiet": false,
        "reportFilename": "mochawesome",
        "saveHtml": true,
        "saveJson": true,
        "consoleReporter": "spec",
        "useInlineDiffs": false,
        "code": true
      },
      "version": "6.1.1"
    },
    "marge": {
      "options": {
        "reportDir": ".dwt_output/mochawesome"
      },
      "version": "5.1.0"
    }
  }
}